2026-06-10 18:36:02,251 INFO o.a.j.u.JMeterUtils: Setting Locale to en_EN
2026-06-10 18:36:02,267 INFO o.a.j.JMeter: Loading user properties from: /opt/apache-jmeter-5.6.3/bin/user.properties
2026-06-10 18:36:02,268 INFO o.a.j.JMeter: Loading system properties from: /opt/apache-jmeter-5.6.3/bin/system.properties
2026-06-10 18:36:02,274 INFO o.a.j.JMeter: Copyright (c) 1998-2024 The Apache Software Foundation
2026-06-10 18:36:02,275 INFO o.a.j.JMeter: Version 5.6.3
2026-06-10 18:36:02,275 INFO o.a.j.JMeter: java.version=21.0.11
2026-06-10 18:36:02,276 INFO o.a.j.JMeter: java.vm.name=OpenJDK 64-Bit Server VM
2026-06-10 18:36:02,276 INFO o.a.j.JMeter: os.name=Linux
2026-06-10 18:36:02,276 INFO o.a.j.JMeter: os.arch=amd64
2026-06-10 18:36:02,277 INFO o.a.j.JMeter: os.version=6.18.33.1-microsoft-standard-WSL2
2026-06-10 18:36:02,277 INFO o.a.j.JMeter: file.encoding=UTF-8
2026-06-10 18:36:02,277 INFO o.a.j.JMeter: java.awt.headless=true
2026-06-10 18:36:02,278 INFO o.a.j.JMeter: Max memory     =1073741824
2026-06-10 18:36:02,278 INFO o.a.j.JMeter: Available Processors =16
2026-06-10 18:36:02,286 INFO o.a.j.JMeter: Default Locale=English (EN)
2026-06-10 18:36:02,287 INFO o.a.j.JMeter: JMeter  Locale=English (EN)
2026-06-10 18:36:02,288 INFO o.a.j.JMeter: JMeterHome=/opt/apache-jmeter-5.6.3
2026-06-10 18:36:02,288 INFO o.a.j.JMeter: user.dir  =/mnt/c/Users/RuiMiguelSoaresRodri/Desktop/Mestrado/1_Ano/2_semestre/Projeto_EA/projeto-EA/deploy
2026-06-10 18:36:02,289 INFO o.a.j.JMeter: PWD       =/mnt/c/Users/RuiMiguelSoaresRodri/Desktop/Mestrado/1_Ano/2_semestre/Projeto_EA/projeto-EA/deploy
2026-06-10 18:36:02,289 INFO o.a.j.JMeter: IP: 127.0.1.1 Name: WIN-K0NMCO7EGTO FullName: WIN-K0NMCO7EGTO.localdomain
2026-06-10 18:36:02,301 INFO o.a.j.JMeter: Setting property 'jmeter.reportgenerator.outputdir' to:'/mnt/c/Users/RuiMiguelSoaresRodri/Desktop/Mestrado/1_Ano/2_semestre/Projeto_EA/projeto-EA/deploy/./benchmark_results/report_Payment_Checkout_Low'
2026-06-10 18:36:02,304 INFO o.a.j.s.FileServer: Default base='/mnt/c/Users/RuiMiguelSoaresRodri/Desktop/Mestrado/1_Ano/2_semestre/Projeto_EA/projeto-EA/deploy'
2026-06-10 18:36:02,305 INFO o.a.j.s.FileServer: Set new base='/tmp'
2026-06-10 18:36:02,484 INFO o.a.j.s.SaveService: Testplan (JMX) version: 2.2. Testlog (JTL) version: 2.2
2026-06-10 18:36:02,512 INFO o.a.j.s.SaveService: Using SaveService properties version 5.0
2026-06-10 18:36:02,516 INFO o.a.j.s.SaveService: Using SaveService properties file encoding UTF-8
2026-06-10 18:36:02,521 INFO o.a.j.s.SaveService: Loading file: /tmp/Payment_Checkout_Low.jmx
2026-06-10 18:36:02,570 INFO o.a.j.p.h.s.HTTPSamplerBase: Parser for text/html is org.apache.jmeter.protocol.http.parser.LagartoBasedHtmlParser
2026-06-10 18:36:02,571 INFO o.a.j.p.h.s.HTTPSamplerBase: Parser for application/xhtml+xml is org.apache.jmeter.protocol.http.parser.LagartoBasedHtmlParser
2026-06-10 18:36:02,572 INFO o.a.j.p.h.s.HTTPSamplerBase: Parser for application/xml is org.apache.jmeter.protocol.http.parser.LagartoBasedHtmlParser
2026-06-10 18:36:02,572 INFO o.a.j.p.h.s.HTTPSamplerBase: Parser for text/xml is org.apache.jmeter.protocol.http.parser.LagartoBasedHtmlParser
2026-06-10 18:36:02,573 INFO o.a.j.p.h.s.HTTPSamplerBase: Parser for text/vnd.wap.wml is org.apache.jmeter.protocol.http.parser.RegexpHTMLParser
2026-06-10 18:36:02,573 INFO o.a.j.p.h.s.HTTPSamplerBase: Parser for text/css is org.apache.jmeter.protocol.http.parser.CssParser
2026-06-10 18:36:02,586 INFO o.a.j.JMeter: Creating summariser <summary>
2026-06-10 18:36:02,595 INFO o.a.j.r.d.ReportGenerator: ReportGenerator will use for Parsing the separator: ','
2026-06-10 18:36:02,596 INFO o.a.j.r.d.ReportGenerator: Will generate report at end of test from  results file: ./benchmark_results/Payment_Checkout_Low.jtl
2026-06-10 18:36:02,597 INFO o.a.j.r.d.ReportGenerator: Reading report generator properties from: /opt/apache-jmeter-5.6.3/bin/reportgenerator.properties
2026-06-10 18:36:02,598 INFO o.a.j.r.d.ReportGenerator: Merging with JMeter properties
2026-06-10 18:36:02,601 INFO o.a.j.r.c.ReportGeneratorConfiguration: Property 'jmeter.reportgenerator.temp_dir' not found, using default value 'temp' instead.
2026-06-10 18:36:02,604 INFO o.a.j.r.c.ReportGeneratorConfiguration: Property 'jmeter.reportgenerator.apdex_per_transaction' not found, using default value 'null' instead.
2026-06-10 18:36:02,605 INFO o.a.j.r.c.ReportGeneratorConfiguration: apdex_per_transaction is empty, not APDEX per transaction customization
2026-06-10 18:36:02,606 INFO o.a.j.r.c.ReportGeneratorConfiguration: Property 'jmeter.reportgenerator.sample_filter' not found, using default value 'null' instead.
2026-06-10 18:36:02,606 INFO o.a.j.r.c.ReportGeneratorConfiguration: Property 'jmeter.reportgenerator.report_title' not found, using default value 'null' instead.
2026-06-10 18:36:02,607 INFO o.a.j.r.c.ReportGeneratorConfiguration: Property 'jmeter.reportgenerator.start_date' not found, using default value 'null' instead.
2026-06-10 18:36:02,608 INFO o.a.j.r.c.ReportGeneratorConfiguration: Property 'jmeter.reportgenerator.end_date' not found, using default value 'null' instead.
2026-06-10 18:36:02,608 INFO o.a.j.r.c.ReportGeneratorConfiguration: Property 'jmeter.reportgenerator.date_format' not found, using default value 'null' instead.
2026-06-10 18:36:02,609 INFO o.a.j.r.c.ReportGeneratorConfiguration: Will use date range start date: null, end date: null
2026-06-10 18:36:02,612 INFO o.a.j.r.c.ReportGeneratorConfiguration: Property 'jmeter.reportgenerator.graph.totalTPS.exclude_controllers' not found, using default value 'false' instead.
2026-06-10 18:36:02,613 INFO o.a.j.r.c.ReportGeneratorConfiguration: Property 'jmeter.reportgenerator.graph.activeThreadsOverTime.exclude_controllers' not found, using default value 'false' instead.
2026-06-10 18:36:02,614 INFO o.a.j.r.c.ReportGeneratorConfiguration: Property 'jmeter.reportgenerator.graph.timeVsThreads.exclude_controllers' not found, using default value 'false' instead.
2026-06-10 18:36:02,614 INFO o.a.j.r.c.ReportGeneratorConfiguration: Property 'jmeter.reportgenerator.graph.responseTimeDistribution.exclude_controllers' not found, using default value 'false' instead.
2026-06-10 18:36:02,615 INFO o.a.j.r.c.ReportGeneratorConfiguration: Property 'jmeter.reportgenerator.graph.transactionsPerSecond.exclude_controllers' not found, using default value 'false' instead.
2026-06-10 18:36:02,615 INFO o.a.j.r.c.ReportGeneratorConfiguration: Property 'jmeter.reportgenerator.graph.responseTimePercentiles.exclude_controllers' not found, using default value 'false' instead.
2026-06-10 18:36:02,616 INFO o.a.j.r.c.ReportGeneratorConfiguration: Property 'jmeter.reportgenerator.graph.responseTimePercentilesOverTime.exclude_controllers' not found, using default value 'false' instead.
2026-06-10 18:36:02,616 INFO o.a.j.r.c.ReportGeneratorConfiguration: Property 'jmeter.reportgenerator.graph.responseTimesOverTime.exclude_controllers' not found, using default value 'false' instead.
2026-06-10 18:36:02,617 INFO o.a.j.r.c.ReportGeneratorConfiguration: Property 'jmeter.reportgenerator.graph.connectTimeOverTime.exclude_controllers' not found, using default value 'false' instead.
2026-06-10 18:36:02,618 INFO o.a.j.r.c.ReportGeneratorConfiguration: Property 'jmeter.reportgenerator.graph.latenciesOverTime.exclude_controllers' not found, using default value 'false' instead.
2026-06-10 18:36:02,619 INFO o.a.j.r.c.ReportGeneratorConfiguration: Property 'jmeter.reportgenerator.exporter.json.filters_only_sample_series' not found, using default value 'true' instead.
2026-06-10 18:36:02,620 INFO o.a.j.r.c.ReportGeneratorConfiguration: Property 'jmeter.reportgenerator.exporter.json.series_filter' not found, using default value '' instead.
2026-06-10 18:36:02,620 INFO o.a.j.r.c.ReportGeneratorConfiguration: Property 'jmeter.reportgenerator.exporter.json.show_controllers_only' not found, using default value 'false' instead.
2026-06-10 18:36:02,621 INFO o.a.j.r.c.ReportGeneratorConfiguration: Property 'jmeter.reportgenerator.exporter.html.filters_only_sample_series' not found, using default value 'true' instead.
2026-06-10 18:36:02,622 INFO o.a.j.r.c.ReportGeneratorConfiguration: Property 'jmeter.reportgenerator.exporter.html.series_filter' not found, using default value '' instead.
2026-06-10 18:36:02,622 INFO o.a.j.r.c.ReportGeneratorConfiguration: Property 'jmeter.reportgenerator.exporter.html.show_controllers_only' not found, using default value 'false' instead.
2026-06-10 18:36:02,634 INFO o.a.j.e.StandardJMeterEngine: Running the test!
2026-06-10 18:36:02,635 INFO o.a.j.s.SampleEvent: List of sample_variables: []
2026-06-10 18:36:02,636 INFO o.a.j.s.SampleEvent: List of sample_variables: []
2026-06-10 18:36:02,639 INFO o.a.j.e.u.CompoundVariable: Note: Function class names must contain the string: '.functions.'
2026-06-10 18:36:02,640 INFO o.a.j.e.u.CompoundVariable: Note: Function class names must not contain the string: '.gui.'
2026-06-10 18:36:02,705 INFO o.a.j.JMeter: Running test (1781112962705)
2026-06-10 18:36:02,726 INFO o.a.j.e.StandardJMeterEngine: Starting ThreadGroup: 1 : Cenario Payment_Checkout_Low
2026-06-10 18:36:02,727 INFO o.a.j.e.StandardJMeterEngine: Starting 10 threads for group Cenario Payment_Checkout_Low.
2026-06-10 18:36:02,727 INFO o.a.j.e.StandardJMeterEngine: Thread will continue on error
2026-06-10 18:36:02,728 INFO o.a.j.t.ThreadGroup: Starting thread group... number=1 threads=10 ramp-up=5 delayedStart=false
2026-06-10 18:36:02,734 INFO o.a.j.t.JMeterThread: Thread started: Cenario Payment_Checkout_Low 1-1
2026-06-10 18:36:02,737 INFO o.a.j.t.ThreadGroup: Started thread group number 1
2026-06-10 18:36:02,738 INFO o.a.j.e.StandardJMeterEngine: All thread groups have been started
2026-06-10 18:36:02,748 INFO o.a.j.p.h.s.HTTPHCAbstractImpl: Local host = WIN-K0NMCO7EGTO
2026-06-10 18:36:02,754 INFO o.a.j.p.h.s.HTTPHC4Impl: HTTP request retry count = 0
2026-06-10 18:36:02,756 INFO o.a.j.s.SampleResult: Note: Sample TimeStamps are START times
2026-06-10 18:36:02,756 INFO o.a.j.s.SampleResult: sampleresult.default.encoding is set to UTF-8
2026-06-10 18:36:02,757 INFO o.a.j.s.SampleResult: sampleresult.useNanoTime=true
2026-06-10 18:36:02,757 INFO o.a.j.s.SampleResult: sampleresult.nanoThreadSleep=5000
2026-06-10 18:36:03,231 INFO o.a.j.t.JMeterThread: Thread started: Cenario Payment_Checkout_Low 1-2
2026-06-10 18:36:03,568 INFO o.a.j.r.Summariser: summary +      1 in 00:00:01 =    1.2/s Avg:   756 Min:   756 Max:   756 Err:     0 (0.00%) Active: 2 Started: 2 Finished: 0
2026-06-10 18:36:03,730 INFO o.a.j.t.JMeterThread: Thread started: Cenario Payment_Checkout_Low 1-3
2026-06-10 18:36:04,230 INFO o.a.j.t.JMeterThread: Thread started: Cenario Payment_Checkout_Low 1-4
2026-06-10 18:36:04,729 INFO o.a.j.t.JMeterThread: Thread started: Cenario Payment_Checkout_Low 1-5
2026-06-10 18:36:05,229 INFO o.a.j.t.JMeterThread: Thread started: Cenario Payment_Checkout_Low 1-6
2026-06-10 18:36:05,538 INFO o.a.j.t.JMeterThread: Thread is done: Cenario Payment_Checkout_Low 1-1
2026-06-10 18:36:05,539 INFO o.a.j.t.JMeterThread: Thread finished: Cenario Payment_Checkout_Low 1-1
2026-06-10 18:36:05,730 INFO o.a.j.t.JMeterThread: Thread started: Cenario Payment_Checkout_Low 1-7
2026-06-10 18:36:06,015 INFO o.a.j.t.JMeterThread: Thread is done: Cenario Payment_Checkout_Low 1-2
2026-06-10 18:36:06,016 INFO o.a.j.t.JMeterThread: Thread finished: Cenario Payment_Checkout_Low 1-2
2026-06-10 18:36:06,096 INFO o.a.j.t.JMeterThread: Thread is done: Cenario Payment_Checkout_Low 1-3
2026-06-10 18:36:06,097 INFO o.a.j.t.JMeterThread: Thread finished: Cenario Payment_Checkout_Low 1-3
2026-06-10 18:36:06,229 INFO o.a.j.t.JMeterThread: Thread started: Cenario Payment_Checkout_Low 1-8
2026-06-10 18:36:06,692 INFO o.a.j.t.JMeterThread: Thread is done: Cenario Payment_Checkout_Low 1-4
2026-06-10 18:36:06,693 INFO o.a.j.t.JMeterThread: Thread finished: Cenario Payment_Checkout_Low 1-4
2026-06-10 18:36:06,729 INFO o.a.j.t.JMeterThread: Thread started: Cenario Payment_Checkout_Low 1-9
2026-06-10 18:36:07,229 INFO o.a.j.t.JMeterThread: Thread started: Cenario Payment_Checkout_Low 1-10
2026-06-10 18:36:07,504 INFO o.a.j.t.JMeterThread: Thread is done: Cenario Payment_Checkout_Low 1-5
2026-06-10 18:36:07,505 INFO o.a.j.t.JMeterThread: Thread finished: Cenario Payment_Checkout_Low 1-5
2026-06-10 18:36:07,924 INFO o.a.j.t.JMeterThread: Thread is done: Cenario Payment_Checkout_Low 1-6
2026-06-10 18:36:07,925 INFO o.a.j.t.JMeterThread: Thread finished: Cenario Payment_Checkout_Low 1-6
2026-06-10 18:36:08,403 INFO o.a.j.t.JMeterThread: Thread is done: Cenario Payment_Checkout_Low 1-7
2026-06-10 18:36:08,403 INFO o.a.j.t.JMeterThread: Thread finished: Cenario Payment_Checkout_Low 1-7
2026-06-10 18:36:08,904 INFO o.a.j.t.JMeterThread: Thread is done: Cenario Payment_Checkout_Low 1-8
2026-06-10 18:36:08,904 INFO o.a.j.t.JMeterThread: Thread finished: Cenario Payment_Checkout_Low 1-8
2026-06-10 18:36:09,063 INFO o.a.j.t.JMeterThread: Thread is done: Cenario Payment_Checkout_Low 1-9
2026-06-10 18:36:09,064 INFO o.a.j.t.JMeterThread: Thread finished: Cenario Payment_Checkout_Low 1-9
2026-06-10 18:36:09,696 INFO o.a.j.t.JMeterThread: Thread is done: Cenario Payment_Checkout_Low 1-10
2026-06-10 18:36:09,697 INFO o.a.j.t.JMeterThread: Thread finished: Cenario Payment_Checkout_Low 1-10
2026-06-10 18:36:09,698 INFO o.a.j.e.StandardJMeterEngine: Notifying test listeners of end of test
2026-06-10 18:36:09,700 INFO o.a.j.r.Summariser: summary +     99 in 00:00:06 =   16.1/s Avg:   253 Min:   159 Max:   684 Err:     0 (0.00%) Active: 0 Started: 10 Finished: 10
2026-06-10 18:36:09,701 INFO o.a.j.r.Summariser: summary =    100 in 00:00:07 =   14.3/s Avg:   258 Min:   159 Max:   756 Err:     0 (0.00%)
2026-06-10 18:36:09,701 INFO o.a.j.JMeter: Generating Dashboard
2026-06-10 18:36:09,702 INFO o.a.j.r.d.ReportGenerator: Flushing result collector before report Generation
2026-06-10 18:36:09,728 INFO o.a.j.r.p.NormalizerSampleConsumer: Using format, 'ms', to parse timeStamp field
2026-06-10 18:36:09,802 INFO o.a.j.r.p.AbstractSampleConsumer: class org.apache.jmeter.report.processor.AggregateConsumer#stopProducing(): beginDate produced 0 samples
2026-06-10 18:36:09,803 INFO o.a.j.r.p.AbstractSampleConsumer: class org.apache.jmeter.report.processor.AggregateConsumer#stopProducing(): endDate produced 0 samples
2026-06-10 18:36:09,805 INFO o.a.j.r.p.AbstractSampleConsumer: class org.apache.jmeter.report.processor.ApdexSummaryConsumer#stopProducing(): apdexSummary produced 0 samples
2026-06-10 18:36:09,805 INFO o.a.j.r.p.AbstractSampleConsumer: class org.apache.jmeter.report.processor.RequestsSummaryConsumer#stopProducing(): requestsSummary produced 0 samples
2026-06-10 18:36:09,808 INFO o.a.j.r.p.AbstractSampleConsumer: class org.apache.jmeter.report.processor.StatisticsSummaryConsumer#stopProducing(): statisticsSummary produced 0 samples
2026-06-10 18:36:09,810 INFO o.a.j.r.p.AbstractSampleConsumer: class org.apache.jmeter.report.processor.Top5ErrorsBySamplerConsumer#stopProducing(): top5ErrorsBySampler produced 0 samples
2026-06-10 18:36:09,810 INFO o.a.j.r.p.AbstractSampleConsumer: class org.apache.jmeter.report.processor.ErrorsSummaryConsumer#stopProducing(): errorsSummary produced 0 samples
2026-06-10 18:36:09,811 INFO o.a.j.r.p.AbstractSampleConsumer: class org.apache.jmeter.report.processor.graph.impl.HitsPerSecondGraphConsumer#stopProducing(): hitsPerSecond produced 0 samples
2026-06-10 18:36:09,854 INFO o.a.j.r.p.AbstractSampleConsumer: class org.apache.jmeter.report.processor.graph.impl.LatencyVSRequestGraphConsumer#stopProducing(): latencyVsRequest produced 0 samples
2026-06-10 18:36:09,856 INFO o.a.j.r.p.AbstractSampleConsumer: class org.apache.jmeter.report.processor.graph.impl.SyntheticResponseTimeDistributionGraphConsumer#stopProducing(): syntheticResponseTimeDistribution produced 0 samples
2026-06-10 18:36:09,858 INFO o.a.j.r.p.AbstractSampleConsumer: class org.apache.jmeter.report.processor.graph.impl.BytesThroughputGraphConsumer#stopProducing(): bytesThroughputOverTime produced 0 samples
2026-06-10 18:36:09,858 INFO o.a.j.r.p.AbstractSampleConsumer: class org.apache.jmeter.report.processor.graph.impl.CodesPerSecondGraphConsumer#stopProducing(): codesPerSecond produced 0 samples
2026-06-10 18:36:09,889 INFO o.a.j.r.p.AbstractSampleConsumer: class org.apache.jmeter.report.processor.graph.impl.ResponseTimeVSRequestGraphConsumer#stopProducing(): responseTimeVsRequest produced 0 samples
2026-06-10 18:36:09,889 INFO o.a.j.r.p.AbstractSampleConsumer: class org.apache.jmeter.report.processor.FilterConsumer#stopProducing(): startIntervalControlerFilter produced 700 samples
2026-06-10 18:36:09,890 INFO o.a.j.r.p.AbstractSampleConsumer: class org.apache.jmeter.report.processor.graph.impl.TotalTPSGraphConsumer#stopProducing(): totalTPS produced 0 samples
2026-06-10 18:36:09,890 INFO o.a.j.r.p.AbstractSampleConsumer: class org.apache.jmeter.report.processor.graph.impl.ActiveThreadsGraphConsumer#stopProducing(): activeThreadsOverTime produced 0 samples
2026-06-10 18:36:09,891 INFO o.a.j.r.p.AbstractSampleConsumer: class org.apache.jmeter.report.processor.graph.impl.TimeVSThreadGraphConsumer#stopProducing(): timeVsThreads produced 0 samples
2026-06-10 18:36:09,891 INFO o.a.j.r.p.AbstractSampleConsumer: class org.apache.jmeter.report.processor.graph.impl.ResponseTimeDistributionGraphConsumer#stopProducing(): responseTimeDistribution produced 0 samples
2026-06-10 18:36:09,892 INFO o.a.j.r.p.AbstractSampleConsumer: class org.apache.jmeter.report.processor.graph.impl.TransactionsPerSecondGraphConsumer#stopProducing(): transactionsPerSecond produced 0 samples
2026-06-10 18:36:09,892 INFO o.a.j.r.p.AbstractSampleConsumer: class org.apache.jmeter.report.processor.graph.impl.ResponseTimePercentilesGraphConsumer#stopProducing(): responseTimePercentiles produced 0 samples
2026-06-10 18:36:09,893 INFO o.a.j.r.p.AbstractSampleConsumer: class org.apache.jmeter.report.processor.graph.impl.ResponseTimePercentilesOverTimeGraphConsumer#stopProducing(): responseTimePercentilesOverTime produced 0 samples
2026-06-10 18:36:09,894 INFO o.a.j.r.p.AbstractSampleConsumer: class org.apache.jmeter.report.processor.graph.impl.ResponseTimeOverTimeGraphConsumer#stopProducing(): responseTimesOverTime produced 0 samples
2026-06-10 18:36:09,894 INFO o.a.j.r.p.AbstractSampleConsumer: class org.apache.jmeter.report.processor.graph.impl.ConnectTimeOverTimeGraphConsumer#stopProducing(): connectTimeOverTime produced 0 samples
2026-06-10 18:36:09,895 INFO o.a.j.r.p.AbstractSampleConsumer: class org.apache.jmeter.report.processor.graph.impl.LatencyOverTimeGraphConsumer#stopProducing(): latenciesOverTime produced 0 samples
2026-06-10 18:36:09,895 INFO o.a.j.r.p.AbstractSampleConsumer: class org.apache.jmeter.report.processor.FilterConsumer#stopProducing(): nameFilter produced 1500 samples
2026-06-10 18:36:09,895 INFO o.a.j.r.p.AbstractSampleConsumer: class org.apache.jmeter.report.processor.FilterConsumer#stopProducing(): dateRangeFilter produced 300 samples
2026-06-10 18:36:09,896 INFO o.a.j.r.p.AbstractSampleConsumer: class org.apache.jmeter.report.processor.NormalizerSampleConsumer#stopProducing(): normalizer produced 100 samples
2026-06-10 18:36:09,897 INFO o.a.j.r.p.CsvFileSampleSource: produce(): 100 samples produced in 149ms on channel 0
2026-06-10 18:36:09,897 INFO o.a.j.r.d.ReportGenerator: Exporting data using exporter:'json' of className:'org.apache.jmeter.report.dashboard.JsonExporter'
2026-06-10 18:36:09,951 INFO o.a.j.r.d.JsonExporter: Found data for consumer statisticsSummary in context
2026-06-10 18:36:09,951 INFO o.a.j.r.d.JsonExporter: Creating statistics for overall
2026-06-10 18:36:09,952 INFO o.a.j.r.d.JsonExporter: Creating statistics for other transactions
2026-06-10 18:36:09,953 INFO o.a.j.r.d.JsonExporter: Checking output folder
2026-06-10 18:36:09,956 INFO o.a.j.r.d.JsonExporter: Writing statistics JSON to /mnt/c/Users/RuiMiguelSoaresRodri/Desktop/Mestrado/1_Ano/2_semestre/Projeto_EA/projeto-EA/deploy/./benchmark_results/report_Payment_Checkout_Low/statistics.json
2026-06-10 18:36:09,992 INFO o.a.j.r.d.ReportGenerator: Exporting data using exporter:'html' of className:'org.apache.jmeter.report.dashboard.HtmlTemplateExporter'
2026-06-10 18:36:10,001 INFO o.a.j.r.d.HtmlTemplateExporter: Will generate dashboard in folder: /mnt/c/Users/RuiMiguelSoaresRodri/Desktop/Mestrado/1_Ano/2_semestre/Projeto_EA/projeto-EA/deploy/./benchmark_results/report_Payment_Checkout_Low
2026-06-10 18:36:10,089 INFO o.a.j.r.d.HtmlTemplateExporter: Report will be generated in: /mnt/c/Users/RuiMiguelSoaresRodri/Desktop/Mestrado/1_Ano/2_semestre/Projeto_EA/projeto-EA/deploy/./benchmark_results/report_Payment_Checkout_Low, creating folder structure
2026-06-10 18:36:10,095 INFO o.a.j.r.d.TemplateVisitor: Copying folder from '/opt/apache-jmeter-5.6.3/bin/report-template' to '/mnt/c/Users/RuiMiguelSoaresRodri/Desktop/Mestrado/1_Ano/2_semestre/Projeto_EA/projeto-EA/deploy/./benchmark_results/report_Payment_Checkout_Low', got message: /mnt/c/Users/RuiMiguelSoaresRodri/Desktop/Mestrado/1_Ano/2_semestre/Projeto_EA/projeto-EA/deploy/./benchmark_results/report_Payment_Checkout_Low, found non empty folder with following content [/mnt/c/Users/RuiMiguelSoaresRodri/Desktop/Mestrado/1_Ano/2_semestre/Projeto_EA/projeto-EA/deploy/./benchmark_results/report_Payment_Checkout_Low/statistics.json], will be ignored
2026-06-10 18:36:11,129 INFO o.a.j.JMeter: Dashboard generated
